<?xml version="1.0" encoding="UTF-8"?>
<testsuite name="com.www.termp.TermpApplicationTests" tests="1" skipped="0" failures="0" errors="0" timestamp="2024-11-06T06:05:32" hostname="BY209-G-35" time="0.451">
  <properties/>
  <testcase name="contextLoads()" classname="com.www.termp.TermpApplicationTests" time="0.451"/>
  <system-out><![CDATA[15:05:30.799 [Test worker] INFO org.springframework.test.context.support.AnnotationConfigContextLoaderUtils -- Could not detect default configuration classes for test class [com.www.termp.TermpApplicationTests]: TermpApplicationTests does not declare any static, non-private, non-final, nested classes annotated with @Configuration.
15:05:30.858 [Test worker] INFO org.springframework.boot.test.context.SpringBootTestContextBootstrapper -- Found @SpringBootConfiguration com.www.termp.TermpApplication for test class com.www.termp.TermpApplicationTests

  .   ____          _            __ _ _
 /\\ / ___'_ __ _ _(_)_ __  __ _ \ \ \ \
( ( )\___ | '_ | '_| | '_ \/ _` | \ \ \ \
 \\/  ___)| |_)| | | | | || (_| |  ) ) ) )
  '  |____| .__|_| |_|_| |_\__, | / / / /
 =========|_|==============|___/=/_/_/_/

 :: Spring Boot ::                (v3.3.5)

2024-11-06T15:05:31.056+09:00  INFO 15660 --- [Termp] [    Test worker] com.www.termp.TermpApplicationTests      : Starting TermpApplicationTests using Java 20.0.2 with PID 15660 (started by seoil in C:\Users\seoil\IdeaProjects\Termp)
2024-11-06T15:05:31.057+09:00  INFO 15660 --- [Termp] [    Test worker] com.www.termp.TermpApplicationTests      : No active profile set, falling back to 1 default profile: "default"
2024-11-06T15:05:31.250+09:00  INFO 15660 --- [Termp] [    Test worker] .s.d.r.c.RepositoryConfigurationDelegate : Bootstrapping Spring Data JPA repositories in DEFAULT mode.
2024-11-06T15:05:31.277+09:00  INFO 15660 --- [Termp] [    Test worker] .s.d.r.c.RepositoryConfigurationDelegate : Finished Spring Data repository scanning in 23 ms. Found 1 JPA repository interface.
2024-11-06T15:05:31.486+09:00  INFO 15660 --- [Termp] [    Test worker] o.hibernate.jpa.internal.util.LogHelper  : HHH000204: Processing PersistenceUnitInfo [name: default]
2024-11-06T15:05:31.522+09:00  INFO 15660 --- [Termp] [    Test worker] org.hibernate.Version                    : HHH000412: Hibernate ORM core version 6.5.3.Final
2024-11-06T15:05:31.542+09:00  INFO 15660 --- [Termp] [    Test worker] o.h.c.internal.RegionFactoryInitiator    : HHH000026: Second-level cache disabled
2024-11-06T15:05:31.707+09:00  INFO 15660 --- [Termp] [    Test worker] o.s.o.j.p.SpringPersistenceUnitInfo      : No LoadTimeWeaver setup: ignoring JPA class transformer
2024-11-06T15:05:31.724+09:00  INFO 15660 --- [Termp] [    Test worker] com.zaxxer.hikari.HikariDataSource       : HikariPool-1 - Starting...
2024-11-06T15:05:31.806+09:00  INFO 15660 --- [Termp] [    Test worker] com.zaxxer.hikari.pool.HikariPool        : HikariPool-1 - Added connection org.sqlite.jdbc4.JDBC4Connection@53cddaf8
2024-11-06T15:05:31.808+09:00  INFO 15660 --- [Termp] [    Test worker] com.zaxxer.hikari.HikariDataSource       : HikariPool-1 - Start completed.
2024-11-06T15:05:32.276+09:00  INFO 15660 --- [Termp] [    Test worker] o.h.e.t.j.p.i.JtaPlatformInitiator       : HHH000489: No JTA platform available (set 'hibernate.transaction.jta.platform' to enable JTA platform integration)
2024-11-06T15:05:32.295+09:00  INFO 15660 --- [Termp] [    Test worker] j.LocalContainerEntityManagerFactoryBean : Initialized JPA EntityManagerFactory for persistence unit 'default'
2024-11-06T15:05:32.506+09:00  INFO 15660 --- [Termp] [    Test worker] com.www.termp.TermpApplicationTests      : Started TermpApplicationTests in 1.567 seconds (process running for 2.191)
Hibernate: 
    insert 
    into
        customer
        (customer_name, customer_phone, rental_date, return_date, status) 
    values
        (?, ?, ?, ?, ?)
Hibernate: 
    select
        last_insert_rowid()
Hibernate: 
    select
        c1_0.customer_id,
        c1_0.customer_name,
        c1_0.customer_phone,
        c1_0.rental_date,
        c1_0.return_date,
        c1_0.status 
    from
        customer c1_0
Hibernate: 
    delete 
    from
        customer 
    where
        customer_id=?
]]></system-out>
  <system-err><![CDATA[]]></system-err>
</testsuite>
